#
# There is insufficient memory for the Java Runtime Environment to continue.
# Native memory allocation (mmap) failed to map 132120576 bytes. Error detail: G1 virtual space
# Possible reasons:
#   The system is out of physical RAM or swap space
#   This process is running with CompressedOops enabled, and the Java Heap may be blocking the growth of the native heap
# Possible solutions:
#   Reduce memory load on the system
#   Increase physical memory or swap space
#   Check if swap backing store is full
#   Decrease Java heap size (-Xmx/-Xms)
#   Decrease number of Java threads
#   Decrease Java thread stack sizes (-Xss)
#   Set larger code cache with -XX:ReservedCodeCacheSize=
#   JVM is running with Unscaled Compressed Oops mode in which the Java heap is
#     placed in the first 4GB address space. The Java Heap base address is the
#     maximum limit for the native heap growth. Please use -XX:HeapBaseMinAddress
#     to set the Java Heap base and to place the Java Heap above 4GB virtual address.
# This output file may be truncated or incomplete.
#
#  Out of Memory Error (os_windows.cpp:3898), pid=2360, tid=21536
#
# JRE version:  (21.0.6) (build )
# Java VM: OpenJDK 64-Bit Server VM (21.0.6+-13355223-b631.42, mixed mode, sharing, tiered, compressed oops, compressed class ptrs, g1 gc, windows-amd64)
# No core dump will be written. Minidumps are not enabled by default on client versions of Windows
#

---------------  S U M M A R Y ------------

Command Line: git4idea.http.GitAskPassApp Username for 'https://github.com': 

Host: 11th Gen Intel(R) Core(TM) i5-1135G7 @ 2.40GHz, 8 cores, 7G,  Windows 11 , 64 bit Build 26100 (10.0.26100.4202)
Time: Fri Jun 13 00:27:18 2025 Arab Standard Time elapsed time: 0.026862 seconds (0d 0h 0m 0s)

---------------  T H R E A D  ---------------

Current thread (0x000001bc7832dc50):  JavaThread "Unknown thread" [_thread_in_vm, id=21536, stack(0x0000004ca2d00000,0x0000004ca2e00000) (1024K)]

Stack: [0x0000004ca2d00000,0x0000004ca2e00000]
Native frames: (J=compiled Java code, j=interpreted, Vv=VM code, C=native code)
V  [jvm.dll+0x6d05a9]
V  [jvm.dll+0x85ea73]
V  [jvm.dll+0x860fce]
V  [jvm.dll+0x8616b3]
V  [jvm.dll+0x27e6e6]
V  [jvm.dll+0x6ccf45]
V  [jvm.dll+0x6c09fa]
V  [jvm.dll+0x35535b]
V  [jvm.dll+0x35cfb6]
V  [jvm.dll+0x3aef46]
V  [jvm.dll+0x3af218]
V  [jvm.dll+0x327a2c]
V  [jvm.dll+0x32871b]
V  [jvm.dll+0x8264b9]
V  [jvm.dll+0x3bc118]
V  [jvm.dll+0x80f768]
V  [jvm.dll+0x4502ce]
V  [jvm.dll+0x451a31]
C  [jli.dll+0x52ab]
C  [ucrtbase.dll+0x37b0]
C  [KERNEL32.DLL+0x2e8d7]
C  [ntdll.dll+0x3c34c]


---------------  P R O C E S S  ---------------

Threads class SMR info:
_java_thread_list=0x00007ffd69821848, length=0, elements={
}

Java Threads: ( => current thread )
Total: 0

Other Threads:
  0x000001bc7a6e6730 WorkerThread "GC Thread#0"                     [id=17820, stack(0x0000004ca2e00000,0x0000004ca2f00000) (1024K)]
  0x000001bc7a6f87c0 ConcurrentGCThread "G1 Main Marker"            [id=2864, stack(0x0000004ca2f00000,0x0000004ca3000000) (1024K)]
  0x000001bc7a6f92c0 WorkerThread "G1 Conc#0"                       [id=19496, stack(0x0000004ca3000000,0x0000004ca3100000) (1024K)]

[error occurred during error reporting (printing all threads), id 0xc0000005, EXCEPTION_ACCESS_VIOLATION (0xc0000005) at pc=0x00007ffd6901aa67]
VM state: not at safepoint (not fully initialized)

VM Mutex/Monitor currently owned by a thread:  ([mutex/lock_event])
[0x00007ffd6988e4a0] Heap_lock - owner thread: 0x000001bc7832dc50

Heap address: 0x0000000083200000, size: 1998 MB, Compressed Oops mode: 32-bit

CDS archive(s) mapped at: [0x0000000000000000-0x0000000000000000-0x0000000000000000), size 0, SharedBaseAddress: 0x0000000800000000, ArchiveRelocationMode: 1.
Narrow klass base: 0x0000000000000000, Narrow klass shift: 0, Narrow klass range: 0x0

GC Precious Log:
 CardTable entry size: 512
 Card Set container configuration: InlinePtr #cards 5 size 8 Array Of Cards #cards 12 size 40 Howl #buckets 4 coarsen threshold 1843 Howl Bitmap #cards 512 size 80 coarsen threshold 460 Card regions per heap region 1 cards per card region 2048

Heap:
 garbage-first heap   total 0K, used 0K [0x0000000083200000, 0x0000000100000000)
  region size 1024K, 0 young (0K), 0 survivors (0K)
 Metaspace       used 0K, committed 0K, reserved 0K
  class space    used 0K, committed 0K, reserved 0K

Heap Regions: E=young(eden), S=young(survivor), O=old, HS=humongous(starts), HC=humongous(continues), CS=collection set, F=free, TAMS=top-at-mark-start, PB=parsable bottom

Card table byte_map: [0x000001bc7dee0000,0x000001bc7e2d0000] _byte_map_base: 0x000001bc7dac7000

Marking Bits: (CMBitMap*) 0x000001bc7a6e7640
 Bits: [0x000001bc0f000000, 0x000001bc10f38000)

GC Heap History (0 events):
No events

Dll operation events (1 events):
Event: 0.012 Loaded shared library C:\Program Files\Android\Android Studio2\jbr\bin\java.dll

Deoptimization events (0 events):
No events

Classes loaded (0 events):
No events

Classes unloaded (0 events):
No events

Classes redefined (0 events):
No events

Internal exceptions (0 events):
No events

ZGC Phase Switch (0 events):
No events

VM Operations (0 events):
No events

Memory protections (0 events):
No events

Nmethod flushes (0 events):
No events

Events (0 events):
No events


Dynamic libraries:
0x00007ff6a77f0000 - 0x00007ff6a77fa000 	C:\Program Files\Android\Android Studio2\jbr\bin\java.exe
0x00007ffdd9ae0000 - 0x00007ffdd9d45000 	C:\WINDOWS\SYSTEM32\ntdll.dll
0x00007ffdd7fb0000 - 0x00007ffdd8079000 	C:\WINDOWS\System32\KERNEL32.DLL
0x00007ffdd6da0000 - 0x00007ffdd7188000 	C:\WINDOWS\System32\KERNELBASE.dll
0x00007ffdd7190000 - 0x00007ffdd72db000 	C:\WINDOWS\System32\ucrtbase.dll
0x00007ffdb43a0000 - 0x00007ffdb43bb000 	C:\Program Files\Android\Android Studio2\jbr\bin\VCRUNTIME140.dll
0x00007ffda2ae0000 - 0x00007ffda2af8000 	C:\Program Files\Android\Android Studio2\jbr\bin\jli.dll
0x00007ffdd9220000 - 0x00007ffdd93ea000 	C:\WINDOWS\System32\USER32.dll
0x00007ffdd6c30000 - 0x00007ffdd6c57000 	C:\WINDOWS\System32\win32u.dll
0x00007ffdd9540000 - 0x00007ffdd956b000 	C:\WINDOWS\System32\GDI32.dll
0x00007ffdd6c60000 - 0x00007ffdd6d97000 	C:\WINDOWS\System32\gdi32full.dll
0x00007ffdd72e0000 - 0x00007ffdd7383000 	C:\WINDOWS\System32\msvcp_win.dll
0x00007ffdbf990000 - 0x00007ffdbfc2a000 	C:\WINDOWS\WinSxS\amd64_microsoft.windows.common-controls_6595b64144ccf1df_6.0.26100.4202_none_3e0698d4e335f517\COMCTL32.dll
0x00007ffdd98f0000 - 0x00007ffdd9999000 	C:\WINDOWS\System32\msvcrt.dll
0x00007ffdd79f0000 - 0x00007ffdd7a20000 	C:\WINDOWS\System32\IMM32.DLL
0x000000006e3d0000 - 0x000000006e3dc000 	C:\Program Files (x86)\360\Total Security\safemon\SafeWrapper.dll
0x00007ffdd9820000 - 0x00007ffdd98d3000 	C:\WINDOWS\System32\ADVAPI32.dll
0x00007ffdd7a40000 - 0x00007ffdd7ae6000 	C:\WINDOWS\System32\sechost.dll
0x00007ffdd8100000 - 0x00007ffdd8215000 	C:\WINDOWS\System32\RPCRT4.dll
0x00007ffd3fed0000 - 0x00007ffd3ff7c000 	C:\Program Files (x86)\360\Total Security\safemon\libzdtp64.dll
0x00007ffdd8630000 - 0x00007ffdd8d72000 	C:\WINDOWS\System32\SHELL32.dll
0x00007ffdd7700000 - 0x00007ffdd7874000 	C:\WINDOWS\System32\wintypes.dll
0x00007ffdd82a0000 - 0x00007ffdd8625000 	C:\WINDOWS\System32\combase.dll
0x00007ffdd7c10000 - 0x00007ffdd7c7a000 	C:\WINDOWS\System32\SHLWAPI.dll
0x00007ffdc6970000 - 0x00007ffdc697b000 	C:\WINDOWS\SYSTEM32\VERSION.dll
0x00007ffdcc890000 - 0x00007ffdcc89c000 	C:\Program Files\Android\Android Studio2\jbr\bin\vcruntime140_1.dll
0x00007ffd711b0000 - 0x00007ffd7123d000 	C:\Program Files\Android\Android Studio2\jbr\bin\msvcp140.dll
0x00007ffd68ce0000 - 0x00007ffd6996b000 	C:\Program Files\Android\Android Studio2\jbr\bin\server\jvm.dll
0x00007ffdd8220000 - 0x00007ffdd8294000 	C:\WINDOWS\System32\WS2_32.dll
0x00007ffdcd010000 - 0x00007ffdcd045000 	C:\WINDOWS\SYSTEM32\WINMM.dll
0x00007ffdd6490000 - 0x00007ffdd64ee000 	C:\WINDOWS\SYSTEM32\POWRPROF.dll
0x00007ffdd6470000 - 0x00007ffdd6484000 	C:\WINDOWS\SYSTEM32\UMPDC.dll
0x00007ffdd59b0000 - 0x00007ffdd59cb000 	C:\WINDOWS\SYSTEM32\kernel.appcore.dll
0x00007ffdbba30000 - 0x00007ffdbba3a000 	C:\Program Files\Android\Android Studio2\jbr\bin\jimage.dll
0x00007ffdd4450000 - 0x00007ffdd4691000 	C:\WINDOWS\SYSTEM32\DBGHELP.DLL
0x00007ffdd9450000 - 0x00007ffdd9531000 	C:\WINDOWS\System32\OLEAUT32.dll
0x00007ffdbc970000 - 0x00007ffdbc9a9000 	C:\WINDOWS\SYSTEM32\dbgcore.DLL
0x00007ffdd7450000 - 0x00007ffdd74e9000 	C:\WINDOWS\System32\bcryptPrimitives.dll
0x00007ffdb42c0000 - 0x00007ffdb42e0000 	C:\Program Files\Android\Android Studio2\jbr\bin\java.dll

dbghelp: loaded successfully - version: 4.0.5 - missing functions: none
symbol engine: initialized successfully - sym options: 0x614 - pdb path: .;C:\Program Files\Android\Android Studio2\jbr\bin;C:\WINDOWS\SYSTEM32;C:\WINDOWS\WinSxS\amd64_microsoft.windows.common-controls_6595b64144ccf1df_6.0.26100.4202_none_3e0698d4e335f517;C:\Program Files (x86)\360\Total Security\safemon;C:\Program Files\Android\Android Studio2\jbr\bin\server

VM Arguments:
java_command: git4idea.http.GitAskPassApp Username for 'https://github.com': 
java_class_path (initial): C:/Program Files/Android/Android Studio2/plugins/vcs-git/lib/git4idea-rt.jar;C:/Program Files/Android/Android Studio2/lib/externalProcess-rt.jar
Launcher Type: SUN_STANDARD

[Global flags]
     intx CICompilerCount                          = 4                                         {product} {ergonomic}
     uint ConcGCThreads                            = 2                                         {product} {ergonomic}
     uint G1ConcRefinementThreads                  = 8                                         {product} {ergonomic}
   size_t G1HeapRegionSize                         = 1048576                                   {product} {ergonomic}
    uintx GCDrainStackTargetSize                   = 64                                        {product} {ergonomic}
   size_t InitialHeapSize                          = 132120576                                 {product} {ergonomic}
   size_t MarkStackSize                            = 4194304                                   {product} {ergonomic}
   size_t MaxHeapSize                              = 2095054848                                {product} {ergonomic}
   size_t MinHeapDeltaBytes                        = 1048576                                   {product} {ergonomic}
   size_t MinHeapSize                              = 8388608                                   {product} {ergonomic}
    uintx NonNMethodCodeHeapSize                   = 5839372                                {pd product} {ergonomic}
    uintx NonProfiledCodeHeapSize                  = 122909434                              {pd product} {ergonomic}
    uintx ProfiledCodeHeapSize                     = 122909434                              {pd product} {ergonomic}
    uintx ReservedCodeCacheSize                    = 251658240                              {pd product} {ergonomic}
     bool SegmentedCodeCache                       = true                                      {product} {ergonomic}
   size_t SoftMaxHeapSize                          = 2095054848                             {manageable} {ergonomic}
     bool UseCompressedOops                        = true                           {product lp64_product} {ergonomic}
     bool UseG1GC                                  = true                                      {product} {ergonomic}
     bool UseLargePagesIndividualAllocation        = false                                  {pd product} {ergonomic}

Logging:
Log output configuration:
 #0: stdout all=warning uptime,level,tags foldmultilines=false
 #1: stderr all=off uptime,level,tags foldmultilines=false

Environment Variables:
JAVA_HOME=C:\Users\coolnet\OneDrive\”ÿÕ «·„ﬂ »\Android\jdk-11.0.27\bin
PATH=C:/Program Files/Git/mingw64/libexec/git-core;C:/Program Files/Git/mingw64/libexec/git-core;C:\Program Files\Git\mingw64\bin;C:\Program Files\Git\usr\bin;C:\Users\coolnet\bin;C:\Program Files (x86)\Common Files\Oracle\Java\javapath;C:\Program Files\Eclipse Adoptium\jdk-21.0.7.6-hotspot\bin;C:\Program Files\Common Files\Oracle\Java\javapath;C:\WINDOWS;C:\WINDOWS\System32\Wbem;C:\WINDOWS\System32\WindowsPowerShell\v1.0\;C:\WINDOWS\System32\OpenSSH\;C:\Users\coolnet\OneDrive\”ÿÕ «·„ﬂ »\Android\jdk-11.0.27\bin\bin;C:\Program Files\NVIDIA Corporation\NVIDIA NvDLISR;C:\Program Files\dotnet\;c:\altera\90\quartus\bin;C:\Program Files\Java\jdk-20\bin\javaw.exe;C:\WINDOWS\system32;C:\Program Files\Git\cmd;C:\Program Files\Java\jre1.8.0_451\bin;C:\Users\coolnet\OneDrive\”ÿÕ «·„ﬂ »\Android\gradle-8.11.1-bin (1)\gradle-8.11.1\bin;C:\Program Files\Java\jdk-11\bin;C:\Users\coolnet\Desktop\Android\jdk-11.0.27\bin;C:\Users\coolnet\OneDrive\”ÿÕ «·„ﬂ »\Android\jdk-11.0.27\bin;C:\Program Files\Java\jre1.8.0_451\bin;C:\Program Files\MySQL\MySQL Shell 8.0\bin\;C:\Users\coolnet\AppData\Local\Microsoft\WindowsApps;C:\Users\coolnet\AppData\Local\gitkraken\bin;C:\Users\coolnet\AppData\Local\Programs\Microsoft VS Code\bin;C:\Users\coolnet\AppData\Local\Microsoft\WindowsApps;C:\Program Files\Java\jdk-20\bin;C:\Program Files\Java\jre1.8.0_451\bin;C:\Users\coolnet\OneDrive\”ÿÕ «·„ﬂ »\Android\jdk-11.0.27\bin\bin;C:\Users\coolnet\OneDrive\”ÿÕ «·„ﬂ »\Android\gradle-8.11.1-bin (1)\gradle-8.11.1\bin;C:\Program Files\Java\jdk-11\bin;C:\Users\coolnet\Desktop\Android\jdk-11.0.27\bin;C:\Users\coolnet\OneDrive\”ÿÕ «·„ﬂ »\Android\jdk-11.0.27\bin;C:\Users\coolnet\AppData\Local\Programs\cursor\resources\app\bin
USERNAME=coolnet
DISPLAY=:0.0
LC_ALL=en_US.UTF-8
TERM=xterm-256color
TMPDIR=C:\Users\coolnet\AppData\Local\Temp
OS=Windows_NT
PROCESSOR_IDENTIFIER=Intel64 Family 6 Model 140 Stepping 1, GenuineIntel
TMP=C:\Users\coolnet\AppData\Local\Temp
TEMP=C:\Users\coolnet\AppData\Local\Temp




Periodic native trim disabled

JNI global refs:
JNI global refs: 0, weak refs: 0

JNI global refs memory usage: 0, weak refs: 0

Process memory usage:
Resident Set Size: 14292K (0% of 8183096K total physical memory with 630424K free physical memory)

OOME stack traces (most recent first):
Classloader memory used:

---------------  S Y S T E M  ---------------

OS:
 Windows 11 , 64 bit Build 26100 (10.0.26100.4202)
OS uptime: 0 days 13:50 hours
Hyper-V role detected

CPU: total 8 (initial active 8) (4 cores per cpu, 2 threads per core) family 6 model 140 stepping 1 microcode 0x8a, cx8, cmov, fxsr, ht, mmx, 3dnowpref, sse, sse2, sse3, ssse3, sse4.1, sse4.2, popcnt, lzcnt, tsc, tscinvbit, avx, avx2, aes, erms, clmul, bmi1, bmi2, adx, avx512f, avx512dq, avx512cd, avx512bw, avx512vl, sha, fma, vzeroupper, avx512_vpopcntdq, avx512_vpclmulqdq, avx512_vaes, avx512_vnni, clflush, clflushopt, clwb, avx512_vbmi2, avx512_vbmi, hv, rdtscp, rdpid, fsrm, gfni, avx512_bitalg, f16c, cet_ibt, cet_ss, avx512_ifma
Processor Information for the first 8 processors :
  Max Mhz: 2419, Current Mhz: 2419, Mhz Limit: 2419

Memory: 4k page, system-wide physical 7991M (615M free)
TotalPageFile size 18040M (AvailPageFile size 104M)
current process WorkingSet (physical memory assigned to process): 13M, peak: 13M
current process commit charge ("private bytes"): 60M, peak: 186M

vm_info: OpenJDK 64-Bit Server VM (21.0.6+-13355223-b631.42) for windows-amd64 JRE (21.0.6+-13355223-b631.42), built on 2025-04-14T18:21:23Z by "builder" with MS VC++ 16.10 / 16.11 (VS2019)

END.
